<?xml version="1.0" encoding="UTF-8"?>
<!-- Generated by org.testng.reporters.JUnitReportReporter -->
<testsuite hostname="DESKTOP-3OF9PN3" failures="0" tests="4" name="api.test.UserTests" time="7.460" errors="0" timestamp="2023-04-06T16:34:42 IST" skipped="0">
  <testcase classname="api.test.UserTests" name="testPostUser" time="3.027"/>
  <system-out/>
  <testcase classname="api.test.UserTests" name="testGetUserByName" time="1.150"/>
  <system-out/>
  <testcase classname="api.test.UserTests" name="testUpdateUserByName" time="2.206"/>
  <system-out/>
  <testcase classname="api.test.UserTests" name="testDeleteUserByName" time="1.077"/>
  <system-out/>
</testsuite> <!-- api.test.UserTests -->
