<?xml version="1.0" encoding="UTF-8"?>
<!-- Generated by org.testng.reporters.JUnitReportReporter -->
<testsuite hostname="DESKTOP-3OF9PN3" failures="0" tests="4" name="api.test.UserTests" time="6.941" errors="0" timestamp="2023-04-06T16:54:33 IST" skipped="0">
  <testcase classname="api.test.UserTests" name="testPostUser" time="2.508"/>
  <system-out/>
  <testcase classname="api.test.UserTests" name="testGetUserByName" time="1.097"/>
  <system-out/>
  <testcase classname="api.test.UserTests" name="testUpdateUserByName" time="2.249"/>
  <system-out/>
  <testcase classname="api.test.UserTests" name="testDeleteUserByName" time="1.087"/>
  <system-out/>
</testsuite> <!-- api.test.UserTests -->
